{"message":"{\"status\":false,\"code\":\"ST500\",\"statusCode\":500,\"message\":\"Request Could Not Be Processed\",\"stack\":\"ReferenceError: sharePrice is not defined\"}","level":"error","timestamp":"2019-12-19T10:47:49.611Z"}
{"message":"{\"status\":false,\"code\":\"ADAUTH500\",\"statusCode\":500,\"message\":\"An Error Occured Authenticating User With AD\",\"stack\":\"Error: connect ETIMEDOUT 10.0.0.217:80\"}","level":"error","timestamp":"2019-12-20T19:46:33.170Z"}
{"message":"{\"expose\":true,\"statusCode\":400,\"status\":400,\"body\":\"{\\n  \\\"price\\\": 2,\\n  \\\"_id\\\": 5df8a237ec55672a0821b449\\n}\",\"type\":\"entity.parse.failed\"}","level":"error","timestamp":"2019-12-20T19:57:41.107Z"}
{"message":"{\"status\":false,\"code\":\"ACCESS401\",\"statusCode\":401,\"message\":\"Access not granted for this resource\",\"stack\":\"[object Object]\"}","level":"error","timestamp":"2019-12-20T19:59:21.107Z"}
{"message":"{\"status\":false,\"code\":\"ST500\",\"statusCode\":500,\"message\":\"Request Could Not Be Processed\",\"stack\":\"TypeError: Cannot set property 'price' of null\"}","level":"error","timestamp":"2019-12-20T20:00:55.986Z"}
{"message":"{\"status\":false,\"code\":\"ST500\",\"statusCode\":500,\"message\":\"Request Could Not Be Processed\",\"stack\":\"TypeError: Cannot set property 'price' of null\"}","level":"error","timestamp":"2019-12-20T20:01:44.066Z"}
{"message":"{\"status\":false,\"code\":\"ST500\",\"statusCode\":500,\"message\":\"Request Could Not Be Processed\",\"stack\":\"TypeError: Cannot set property 'price' of null\"}","level":"error","timestamp":"2019-12-20T20:02:34.642Z"}
{"message":"{\"status\":false,\"code\":\"ST500\",\"statusCode\":500,\"message\":\"Request Could Not Be Processed\",\"stack\":\"TypeError: Cannot set property 'price' of null\"}","level":"error","timestamp":"2019-12-20T20:03:20.270Z"}
{"message":"{\"status\":false,\"code\":\"ST500\",\"statusCode\":500,\"message\":\"Request Could Not Be Processed\",\"stack\":\"TypeError: Cannot set property 'price' of null\"}","level":"error","timestamp":"2019-12-20T20:04:51.335Z"}
{"message":"{\"status\":false,\"code\":\"ST500\",\"statusCode\":500,\"message\":\"Request Could Not Be Processed\",\"stack\":\"TypeError: Cannot set property 'price' of null\"}","level":"error","timestamp":"2019-12-20T20:05:29.958Z"}
{"message":"{\"status\":false,\"code\":\"ST500\",\"statusCode\":500,\"message\":\"Request Could Not Be Processed\",\"stack\":\"TypeError: Cannot set property 'price' of null\"}","level":"error","timestamp":"2019-12-20T20:06:25.995Z"}
{"message":"{\"status\":false,\"code\":\"ST404\",\"statusCode\":404,\"message\":\"Resource Could Not Be Found\",\"stack\":\"[object Object]\"}","level":"error","timestamp":"2019-12-20T20:12:18.581Z"}
{"message":"{\"status\":false,\"code\":\"ST404\",\"statusCode\":404,\"message\":\"Resource Could Not Be Found\",\"stack\":\"[object Object]\"}","level":"error","timestamp":"2019-12-23T11:01:59.168Z"}
{"message":"{\"status\":false,\"code\":\"ADAUTH500\",\"statusCode\":500,\"message\":\"An Error Occured Authenticating User With AD\",\"stack\":\"Error: connect ETIMEDOUT 10.0.0.217:80\"}","level":"error","timestamp":"2019-12-23T14:55:13.253Z"}
{"message":"{\"status\":false,\"code\":\"ADAUTH500\",\"statusCode\":500,\"message\":\"An Error Occured Authenticating User With AD\",\"stack\":\"Error: connect EHOSTUNREACH 10.0.0.217:80\"}","level":"error","timestamp":"2019-12-23T14:56:02.694Z"}
{"message":"{\"status\":false,\"code\":\"ADAUTH500\",\"statusCode\":500,\"message\":\"An Error Occured Authenticating User With AD\",\"stack\":\"Error: connect EHOSTUNREACH 10.0.0.217:80\"}","level":"error","timestamp":"2019-12-23T14:56:05.875Z"}
{"message":"{\"status\":false,\"code\":\"ST404\",\"statusCode\":404,\"message\":\"Resource Could Not Be Found\",\"stack\":\"[object Object]\"}","level":"error","timestamp":"2019-12-27T11:01:34.087Z"}
{"message":"{\"status\":false,\"code\":\"ADAUTH500\",\"statusCode\":500,\"message\":\"An Error Occured Authenticating User With AD\",\"stack\":\"Error: connect ETIMEDOUT 10.0.0.217:80\"}","level":"error","timestamp":"2019-12-27T11:54:29.023Z"}
{"message":"{\"status\":false,\"code\":\"ADAUTH500\",\"statusCode\":500,\"message\":\"An Error Occured Authenticating User With AD\",\"stack\":\"Error: connect ETIMEDOUT 10.0.0.217:80\"}","level":"error","timestamp":"2019-12-27T11:55:32.632Z"}
{"message":"{\"status\":false,\"code\":\"ADAUTH500\",\"statusCode\":500,\"message\":\"An Error Occured Authenticating User With AD\",\"stack\":\"Error: connect ETIMEDOUT 10.0.0.217:80\"}","level":"error","timestamp":"2019-12-27T11:56:01.153Z"}
{"message":"{\"status\":false,\"code\":\"ADAUTH500\",\"statusCode\":500,\"message\":\"An Error Occured Authenticating User With AD\",\"stack\":\"Error: connect ETIMEDOUT 10.0.0.217:80\"}","level":"error","timestamp":"2019-12-27T12:03:16.626Z"}
{"message":"{\"status\":false,\"code\":\"ADAUTH500\",\"message\":\"An Error Occured Authenticating User With AD\",\"statusCode\":500,\"stack\":\"Error: connect ETIMEDOUT 10.0.0.217:80\"}","level":"error","timestamp":"2019-12-27T12:03:19.387Z"}
{"message":"{\"status\":false,\"code\":\"ADAUTH500\",\"statusCode\":500,\"message\":\"An Error Occured Authenticating User With AD\",\"stack\":\"Error: connect ETIMEDOUT 10.0.0.217:80\"}","level":"error","timestamp":"2019-12-27T12:04:40.397Z"}
{"message":"{\"status\":false,\"code\":\"ADAUTH500\",\"statusCode\":500,\"message\":\"An Error Occured Authenticating User With AD\",\"stack\":\"Error: connect ETIMEDOUT 10.0.0.217:80\"}","level":"error","timestamp":"2019-12-27T12:05:04.309Z"}
{"message":"{\"status\":false,\"code\":\"ADAUTH500\",\"statusCode\":500,\"message\":\"An Error Occured Authenticating User With AD\",\"stack\":\"Error: connect ETIMEDOUT 10.0.0.217:80\"}","level":"error","timestamp":"2019-12-27T12:05:34.624Z"}
{"message":"{\"status\":false,\"code\":\"ADAUTH500\",\"statusCode\":500,\"message\":\"An Error Occured Authenticating User With AD\",\"stack\":\"Error: connect ETIMEDOUT 10.0.0.217:80\"}","level":"error","timestamp":"2019-12-27T12:19:08.265Z"}
{"message":"{\"status\":false,\"code\":\"ST666\",\"statusCode\":400,\"message\":\"Validation Failed For Some Fields\",\"validationError\":{\"error\":{\"label\":\"Transaction pin is required!\",\"value\":1234,\"key\":\"transactionPin\"},\"message\":\"Transaction pin is required! must be a string\"},\"stack\":\"ValidationError: \\\"Transaction pin is required!\\\" must be a string\"}","level":"error","timestamp":"2019-12-27T12:19:35.519Z"}
{"message":"Incoming Validation Request For ValidateUserLogin : {\"username\":\"okaforsc\",\"password\":\"CH@@rl!!307\",\"transactionPin\":1234}; validation error : {\"_original\":{\"username\":\"okaforsc\",\"password\":\"CH@@rl!!307\",\"transactionPin\":1234},\"details\":[{\"message\":\"\\\"Transaction pin is required!\\\" must be a string\",\"path\":[\"transactionPin\"],\"type\":\"string.base\",\"context\":{\"label\":\"Transaction pin is required!\",\"value\":1234,\"key\":\"transactionPin\"}}]} ","level":"error","timestamp":"2019-12-27T12:19:35.515Z"}
{"message":"{\"status\":false,\"code\":\"ADAUTH500\",\"statusCode\":500,\"message\":\"An Error Occured Authenticating User With AD\",\"stack\":\"Error: connect ETIMEDOUT 10.0.0.217:80\"}","level":"error","timestamp":"2019-12-27T12:35:09.063Z"}
{"message":"{\"status\":false,\"code\":\"ADAUTH500\",\"statusCode\":500,\"message\":\"An Error Occured Authenticating User With AD\",\"stack\":\"Error: connect ETIMEDOUT 10.0.0.217:80\"}","level":"error","timestamp":"2019-12-27T12:36:06.063Z"}
{"message":"{\"status\":false,\"code\":\"ACCESS401\",\"statusCode\":401,\"message\":\"Access not granted for this resource\",\"stack\":\"[object Object]\"}","level":"error","timestamp":"2019-12-31T12:33:05.852Z"}
{"message":"{\"status\":false,\"code\":\"ACCESS401\",\"statusCode\":401,\"message\":\"Access not granted for this resource\",\"stack\":\"[object Object]\"}","level":"error","timestamp":"2019-12-31T12:40:29.172Z"}
{"message":"{\"status\":false,\"code\":\"USR404\",\"statusCode\":404,\"message\":\"Given User Does Not Exist On This Platform\",\"stack\":\"[object Object]\"}","level":"error","timestamp":"2019-12-31T12:55:04.929Z"}
{"message":"{\"status\":false,\"code\":\"ACCESS401\",\"statusCode\":401,\"message\":\"Access not granted for this resource\",\"stack\":\"[object Object]\"}","level":"error","timestamp":"2019-12-31T12:55:31.659Z"}
{"message":"{\"status\":false,\"code\":\"ACCESS401\",\"statusCode\":401,\"message\":\"Access not granted for this resource\",\"stack\":\"[object Object]\"}","level":"error","timestamp":"2019-12-31T12:58:04.322Z"}
{"message":"{\"status\":false,\"code\":\"ACCESS401\",\"statusCode\":401,\"message\":\"Access not granted for this resource\",\"stack\":\"[object Object]\"}","level":"error","timestamp":"2019-12-31T12:58:29.007Z"}
{"message":"{\"status\":false,\"code\":\"ACCESS401\",\"statusCode\":401,\"message\":\"Access not granted for this resource\",\"stack\":\"[object Object]\"}","level":"error","timestamp":"2019-12-31T12:59:44.849Z"}
{"message":"{\"status\":false,\"code\":\"ACCESS401\",\"statusCode\":401,\"message\":\"Access not granted for this resource\",\"stack\":\"[object Object]\"}","level":"error","timestamp":"2019-12-31T13:00:15.513Z"}
{"message":"{\"status\":false,\"code\":\"AUTH400\",\"statusCode\":400,\"message\":\"Authentication Failed For User. Check username or password \",\"stack\":\"[object Object]\"}","level":"error","timestamp":"2019-12-31T13:01:19.284Z"}
{"message":"{\"status\":false,\"code\":\"USR404\",\"statusCode\":404,\"message\":\"Given User Does Not Exist On This Platform\",\"stack\":\"[object Object]\"}","level":"error","timestamp":"2019-12-31T13:01:36.064Z"}
{"message":"{\"status\":false,\"code\":\"AUTH400\",\"statusCode\":400,\"message\":\"Authentication Failed For User. Check username or password \",\"stack\":\"[object Object]\"}","level":"error","timestamp":"2019-12-31T13:01:51.358Z"}
{"message":"{\"status\":false,\"code\":\"AUTH400\",\"statusCode\":400,\"message\":\"Authentication Failed For User. Check username or password \",\"stack\":\"[object Object]\"}","level":"error","timestamp":"2019-12-31T13:02:02.036Z"}
{"message":"{\"status\":false,\"code\":\"USR404\",\"statusCode\":404,\"message\":\"Given User Does Not Exist On This Platform\",\"stack\":\"[object Object]\"}","level":"error","timestamp":"2019-12-31T13:02:14.794Z"}
{"message":"{\"status\":false,\"code\":\"AUTH400\",\"statusCode\":400,\"message\":\"Authentication Failed For User. Check username or password \",\"stack\":\"[object Object]\"}","level":"error","timestamp":"2019-12-31T13:07:03.368Z"}
{"message":"{\"status\":false,\"code\":\"AUTH400\",\"statusCode\":400,\"message\":\"Authentication Failed For User. Check username or password \",\"stack\":\"[object Object]\"}","level":"error","timestamp":"2019-12-31T13:07:55.195Z"}
{"message":"{\"status\":false,\"code\":\"AUTH400\",\"statusCode\":400,\"message\":\"Authentication Failed For User. Check username or password \",\"stack\":\"[object Object]\"}","level":"error","timestamp":"2019-12-31T13:14:23.396Z"}
{"message":"{\"status\":false,\"code\":\"ACCESS401\",\"statusCode\":401,\"message\":\"Access not granted for this resource\",\"stack\":\"[object Object]\"}","level":"error","timestamp":"2019-12-31T13:15:18.435Z"}
{"message":"{\"status\":false,\"code\":\"ACCESS401\",\"statusCode\":401,\"message\":\"Access not granted for this resource\",\"stack\":\"[object Object]\"}","level":"error","timestamp":"2019-12-31T13:17:00.457Z"}
{"message":"{\"status\":false,\"code\":\"ACCESS401\",\"statusCode\":401,\"message\":\"Access not granted for this resource\",\"stack\":\"[object Object]\"}","level":"error","timestamp":"2019-12-31T13:17:24.255Z"}
{"message":"{\"status\":false,\"code\":\"ACCESS401\",\"statusCode\":401,\"message\":\"Access not granted for this resource\",\"stack\":\"[object Object]\"}","level":"error","timestamp":"2019-12-31T13:20:05.394Z"}
{"message":"{\"status\":false,\"code\":\"ACCESS401\",\"statusCode\":401,\"message\":\"Access not granted for this resource\",\"stack\":\"[object Object]\"}","level":"error","timestamp":"2019-12-31T13:22:43.958Z"}
{"message":"{\"status\":false,\"code\":\"ACCESS401\",\"statusCode\":401,\"message\":\"Access not granted for this resource\",\"stack\":\"[object Object]\"}","level":"error","timestamp":"2019-12-31T13:26:06.594Z"}
{"message":"{\"status\":false,\"code\":\"ACCESS401\",\"statusCode\":401,\"message\":\"Access not granted for this resource\",\"stack\":\"[object Object]\"}","level":"error","timestamp":"2019-12-31T13:26:43.533Z"}
{"message":"{\"status\":false,\"code\":\"AUTH400\",\"statusCode\":400,\"message\":\"Authentication Failed For User. Check username or password \",\"stack\":\"[object Object]\"}","level":"error","timestamp":"2019-12-31T13:27:31.185Z"}
{"message":"{\"status\":false,\"code\":\"ACCESS401\",\"statusCode\":401,\"message\":\"Access not granted for this resource\",\"stack\":\"[object Object]\"}","level":"error","timestamp":"2019-12-31T13:51:23.146Z"}
{"message":"{\"status\":false,\"code\":\"ACCESS401\",\"statusCode\":401,\"message\":\"Access not granted for this resource\",\"stack\":\"[object Object]\"}","level":"error","timestamp":"2019-12-31T13:52:45.705Z"}
{"message":"{\"status\":false,\"code\":\"ACCESS401\",\"statusCode\":401,\"message\":\"Access not granted for this resource\",\"stack\":\"[object Object]\"}","level":"error","timestamp":"2019-12-31T13:53:05.316Z"}
{"message":"{\"status\":false,\"code\":\"ACCESS401\",\"statusCode\":401,\"message\":\"Access not granted for this resource\",\"stack\":\"[object Object]\"}","level":"error","timestamp":"2019-12-31T13:53:48.308Z"}
{"message":"{\"status\":false,\"code\":\"ACCESS401\",\"statusCode\":401,\"message\":\"Access not granted for this resource\",\"stack\":\"[object Object]\"}","level":"error","timestamp":"2019-12-31T13:54:29.717Z"}
{"message":"{\"status\":false,\"code\":\"ACCESS401\",\"statusCode\":401,\"message\":\"Access not granted for this resource\",\"stack\":\"[object Object]\"}","level":"error","timestamp":"2019-12-31T13:56:52.865Z"}
{"message":"{\"status\":false,\"code\":\"ACCESS401\",\"statusCode\":401,\"message\":\"Access not granted for this resource\",\"stack\":\"[object Object]\"}","level":"error","timestamp":"2019-12-31T14:02:54.572Z"}
{"message":"{\"status\":false,\"code\":\"AUTH400\",\"statusCode\":400,\"message\":\"Authentication Failed For User. Check username or password \",\"stack\":\"[object Object]\"}","level":"error","timestamp":"2019-12-31T14:03:49.400Z"}
{"message":"{\"status\":false,\"code\":\"ACCESS401\",\"statusCode\":401,\"message\":\"Access not granted for this resource\",\"stack\":\"[object Object]\"}","level":"error","timestamp":"2019-12-31T14:05:08.267Z"}
{"message":"{\"status\":false,\"code\":\"ACCESS401\",\"statusCode\":401,\"message\":\"Access not granted for this resource\",\"stack\":\"[object Object]\"}","level":"error","timestamp":"2019-12-31T14:05:23.314Z"}
{"message":"{\"status\":false,\"code\":\"ADAUTH500\",\"statusCode\":500,\"message\":\"An Error Occured Authenticating User With AD\",\"stack\":\"Error: connect ETIMEDOUT 10.0.0.217:80\"}","level":"error","timestamp":"2020-01-03T06:55:18.673Z"}
{"message":"{\"status\":false,\"code\":\"ADAUTH500\",\"statusCode\":500,\"message\":\"An Error Occured Authenticating User With AD\",\"stack\":\"Error: connect ETIMEDOUT 10.0.0.217:80\"}","level":"error","timestamp":"2020-01-03T07:44:12.385Z"}
{"message":"{\"status\":false,\"code\":\"ST500\",\"statusCode\":500,\"message\":\"Request Could Not Be Processed\",\"stack\":\"ParallelSaveError: Can't save() the same doc multiple times in parallel. Document: 5de7d9c7ec6432478cad8af0\"}","level":"error","timestamp":"2020-01-03T08:02:37.198Z"}
{"message":"{\"status\":false,\"code\":\"ST500\",\"statusCode\":500,\"message\":\"Request Could Not Be Processed\",\"stack\":\"ParallelSaveError: Can't save() the same doc multiple times in parallel. Document: 5de7d9c7ec6432478cad8af0\"}","level":"error","timestamp":"2020-01-03T08:04:29.301Z"}
{"message":"{\"status\":false,\"code\":\"ST500\",\"statusCode\":500,\"message\":\"Request Could Not Be Processed\",\"stack\":\"ParallelSaveError: Can't save() the same doc multiple times in parallel. Document: 5dea62be4051c138282e7e4b\"}","level":"error","timestamp":"2020-01-03T08:13:24.676Z"}
{"message":"{\"status\":false,\"code\":\"ST500\",\"statusCode\":500,\"message\":\"Request Could Not Be Processed\",\"stack\":\"ParallelSaveError: Can't save() the same doc multiple times in parallel. Document: 5de7d9c7ec6432478cad8af0\"}","level":"error","timestamp":"2020-01-03T08:36:02.132Z"}
{"message":"{\"status\":false,\"code\":\"ST500\",\"statusCode\":500,\"message\":\"Request Could Not Be Processed\",\"stack\":\"MongoError: Performing an update on the path '_id' would modify the immutable field '_id'\"}","level":"error","timestamp":"2020-01-03T09:07:08.970Z"}
{"message":"{\"status\":false,\"code\":\"ST500\",\"statusCode\":500,\"message\":\"Request Could Not Be Processed\",\"stack\":\"MongoError: Performing an update on the path '_id' would modify the immutable field '_id'\"}","level":"error","timestamp":"2020-01-03T09:09:04.147Z"}
{"message":"{\"status\":false,\"code\":\"ST500\",\"statusCode\":500,\"message\":\"Request Could Not Be Processed\",\"stack\":\"MongoError: Performing an update on the path '_id' would modify the immutable field '_id'\"}","level":"error","timestamp":"2020-01-03T09:10:41.285Z"}
{"message":"{\"status\":false,\"code\":\"ST500\",\"statusCode\":500,\"message\":\"Request Could Not Be Processed\",\"stack\":\"ParallelSaveError: Can't save() the same doc multiple times in parallel. Document: 5de7d9c7ec6432478cad8af0\"}","level":"error","timestamp":"2020-01-03T09:11:14.176Z"}
{"message":"{\"status\":false,\"code\":\"ST500\",\"statusCode\":500,\"message\":\"Request Could Not Be Processed\",\"stack\":\"ReferenceError: async is not defined\"}","level":"error","timestamp":"2020-01-03T09:33:03.501Z"}
{"message":"{\"status\":false,\"code\":\"ST404\",\"statusCode\":404,\"message\":\"Resource Could Not Be Found\",\"stack\":\"[object Object]\"}","level":"error","timestamp":"2020-01-03T11:02:11.095Z"}
{"message":"{\"status\":false,\"code\":\"AUTH401\",\"statusCode\":401,\"message\":\"User Authorization Failed\",\"stack\":\"TypeError: Cannot read property 'userRole' of undefined\"}","level":"error","timestamp":"2020-01-04T17:50:15.200Z"}
{"message":"{\"status\":false,\"code\":\"ST500\",\"statusCode\":500,\"message\":\"Request Could Not Be Processed\",\"stack\":\"CastError: Cast to ObjectId failed for value \\\"ObjectId(\\\"5ddffa603f1c213068be662d\\\")\\\" at path \\\"_id\\\" for model \\\"Users\\\"\"}","level":"error","timestamp":"2020-01-04T17:59:42.594Z"}
{"message":"{\"status\":false,\"code\":\"ST500\",\"statusCode\":500,\"message\":\"Request Could Not Be Processed\",\"stack\":\"TypeError: Cannot read property 'walletId' of null\"}","level":"error","timestamp":"2020-01-04T18:01:24.465Z"}
{"message":"{\"status\":false,\"code\":\"SELL412\",\"statusCode\":404,\"message\":\"Buyer does not have sufficient amount to pay\",\"stack\":\"[object Object]\"}","level":"error","timestamp":"2020-01-04T19:58:35.109Z"}
{"message":"{\"status\":false,\"code\":\"ST500\",\"statusCode\":500,\"message\":\"Request Could Not Be Processed\",\"stack\":\"TypeError: async.Each is not a function\"}","level":"error","timestamp":"2020-01-06T08:02:34.990Z"}
{"message":"{\"status\":false,\"code\":\"USR404\",\"statusCode\":404,\"message\":\"Given User Does Not Exist On This Platform\",\"stack\":\"[object Object]\"}","level":"error","timestamp":"2020-01-06T11:28:10.222Z"}
{"message":"{\"status\":false,\"code\":\"USR404\",\"statusCode\":404,\"message\":\"Given User Does Not Exist On This Platform\",\"stack\":\"[object Object]\"}","level":"error","timestamp":"2020-01-06T11:28:41.182Z"}
{"message":"{\"status\":false,\"code\":\"USR404\",\"statusCode\":404,\"message\":\"Given User Does Not Exist On This Platform\",\"stack\":\"[object Object]\"}","level":"error","timestamp":"2020-01-06T11:29:09.419Z"}
{"message":"{\"status\":false,\"code\":\"LIMITFUNDS412\",\"statusCode\":404,\"message\":\"Insufficient balance!\",\"stack\":\"[object Object]\"}","level":"error","timestamp":"2020-01-06T11:30:37.200Z"}
{"message":"{\"status\":false,\"code\":\"LIMITFUNDS412\",\"statusCode\":404,\"message\":\"Insufficient balance!\",\"stack\":\"[object Object]\"}","level":"error","timestamp":"2020-01-06T11:32:36.859Z"}
